Sat Dec 30 23:39:17 CET 2023

CommandNotFoundError: Your shell has not been properly configured to use 'conda activate'.
To initialize your shell, run

    $ conda init <SHELL_NAME>

Currently supported shells are:
  - bash
  - fish
  - tcsh
  - xonsh
  - zsh
  - powershell

See 'conda init --help' for more information and options.

IMPORTANT: You may need to close and restart your shell after running 'conda init'.


/opt/anaconda/anaconda3/lib/python3.8/site-packages/scipy/__init__.py:138: UserWarning: A NumPy version >=1.16.5 and <1.23.0 is required for this version of SciPy (detected version 1.24.4)
  warnings.warn(f"A NumPy version >={np_minversion} and <{np_maxversion} is required for this version of "
/home/rzuliani/.local/lib/python3.8/site-packages/torch/utils/data/dataloader.py:557: UserWarning: This DataLoader will create 2 worker processes in total. Our suggested max number of worker in current system is 1, which is smaller than what this DataLoader is going to create. Please be aware that excessive worker creation might get DataLoader running slow or even freeze, lower the worker number to avoid potential slowness/freeze if necessary.
  warnings.warn(_create_warning_msg(
Traceback (most recent call last):
  File "app/main.py", line 135, in <module>
    main()
  File "app/main.py", line 69, in main
    bert_lstm = BertLSTM(
  File "/home/rzuliani/projects/CBERTdp/app/competitros/BertLSTM.py", line 42, in __init__
    BertLSTMModel(model, 512, num_classes=2, bi_directional=bi_directional),
  File "/home/rzuliani/projects/CBERTdp/app/competitros/BertLSTM.py", line 14, in __init__
    self.lstm = nn.LSTM(input_size=pre_trained_bert.hidden_size,
  File "/home/rzuliani/.local/lib/python3.8/site-packages/torch/nn/modules/module.py", line 1695, in __getattr__
    raise AttributeError(f"'{type(self).__name__}' object has no attribute '{name}'")
AttributeError: 'BertModel' object has no attribute 'hidden_size'
Sat Dec 30 23:39:43 CET 2023
